  [1m[36m (43.7ms)[0m  [1mCREATE TABLE "schema_migrations" ("version" character varying(255) NOT NULL) [0m
  [1m[35m (62.7ms)[0m  CREATE UNIQUE INDEX "unique_schema_migrations" ON "schema_migrations" ("version")
  [1m[36mActiveRecord::SchemaMigration Load (0.5ms)[0m  [1mSELECT "schema_migrations".* FROM "schema_migrations"[0m
  [1m[36mActiveRecord::SchemaMigration Load (0.5ms)[0m  [1mSELECT "schema_migrations".* FROM "schema_migrations"[0m
Migrating to DeviseCreateUsers (20130718174247)
  [1m[35m (0.2ms)[0m  BEGIN
  [1m[36m (138.6ms)[0m  [1mCREATE TABLE "users" ("id" serial primary key, "email" character varying(255) DEFAULT '' NOT NULL, "encrypted_password" character varying(255) DEFAULT '' NOT NULL, "reset_password_token" character varying(255), "reset_password_sent_at" timestamp, "remember_created_at" timestamp, "sign_in_count" integer DEFAULT 0, "current_sign_in_at" timestamp, "last_sign_in_at" timestamp, "current_sign_in_ip" character varying(255), "last_sign_in_ip" character varying(255), "created_at" timestamp, "updated_at" timestamp) [0m
  [1m[35m (41.2ms)[0m  CREATE UNIQUE INDEX "index_users_on_email" ON "users" ("email")
  [1m[36m (52.9ms)[0m  [1mCREATE UNIQUE INDEX "index_users_on_reset_password_token" ON "users" ("reset_password_token")[0m
  [1m[35mSQL (1.2ms)[0m  INSERT INTO "schema_migrations" ("version") VALUES ($1)  [["version", "20130718174247"]]
  [1m[36m (24.2ms)[0m  [1mCOMMIT[0m
  [1m[35mActiveRecord::SchemaMigration Load (0.6ms)[0m  SELECT "schema_migrations".* FROM "schema_migrations"


Started GET "/" for 127.0.0.1 at 2013-07-18 12:46:45 -0500
  [1m[36mActiveRecord::SchemaMigration Load (0.7ms)[0m  [1mSELECT "schema_migrations".* FROM "schema_migrations"[0m
Processing by Rails::WelcomeController#index as HTML
  Rendered /home/hmeza/.rvm/gems/ruby-1.9.3-p448/gems/railties-4.0.0/lib/rails/templates/rails/welcome/index.html.erb (44.3ms)
Completed 200 OK in 247ms (Views: 212.4ms | ActiveRecord: 0.0ms)


Started GET "/users/sign_in" for 127.0.0.1 at 2013-07-18 12:46:56 -0500
Processing by Devise::SessionsController#new as HTML
  Rendered devise/shared/_links.erb (3.0ms)
  Rendered devise/sessions/new.html.erb within layouts/application (230.8ms)
Completed 200 OK in 1379ms (Views: 1294.3ms | ActiveRecord: 2.8ms)


Started GET "/assets/application.css?body=1" for 127.0.0.1 at 2013-07-18 12:46:57 -0500


Started GET "/assets/application.js?body=1" for 127.0.0.1 at 2013-07-18 12:46:57 -0500


Started GET "/assets/jquery_ujs.js?body=1" for 127.0.0.1 at 2013-07-18 12:46:57 -0500


Started GET "/assets/jquery.js?body=1" for 127.0.0.1 at 2013-07-18 12:46:57 -0500


Started GET "/assets/turbolinks.js?body=1" for 127.0.0.1 at 2013-07-18 12:46:57 -0500


Started GET "/users/sign_up" for 127.0.0.1 at 2013-07-18 12:48:10 -0500
Processing by Devise::RegistrationsController#new as HTML
  Rendered devise/shared/_links.erb (1.3ms)
  Rendered devise/registrations/new.html.erb within layouts/application (8.8ms)
Completed 200 OK in 19ms (Views: 16.0ms | ActiveRecord: 0.0ms)


Started POST "/users" for 127.0.0.1 at 2013-07-18 12:48:17 -0500
Processing by Devise::RegistrationsController#create as HTML
  Parameters: {"utf8"=>"✓", "authenticity_token"=>"/W6WsH1aRowtFES8L+JbfylH8zwRdu9biRSk4vG29EA=", "user"=>{"email"=>"hmezav@gmail.com", "password"=>"[FILTERED]", "password_confirmation"=>"[FILTERED]"}, "commit"=>"Sign up"}
  [1m[35m (0.2ms)[0m  BEGIN
  [1m[36mUser Exists (1.2ms)[0m  [1mSELECT 1 AS one FROM "users" WHERE "users"."email" = 'hmezav@gmail.com' LIMIT 1[0m
  [1m[35m (0.3ms)[0m  ROLLBACK
  Rendered devise/shared/_links.erb (0.8ms)
  Rendered devise/registrations/new.html.erb within layouts/application (7.8ms)
Completed 200 OK in 263ms (Views: 14.4ms | ActiveRecord: 1.7ms)


Started GET "/assets/application.css?body=1" for 127.0.0.1 at 2013-07-18 12:48:18 -0500


Started GET "/assets/application.js?body=1" for 127.0.0.1 at 2013-07-18 12:48:18 -0500


Started GET "/assets/jquery_ujs.js?body=1" for 127.0.0.1 at 2013-07-18 12:48:18 -0500


Started GET "/assets/jquery.js?body=1" for 127.0.0.1 at 2013-07-18 12:48:18 -0500


Started GET "/assets/turbolinks.js?body=1" for 127.0.0.1 at 2013-07-18 12:48:18 -0500


Started POST "/users" for 127.0.0.1 at 2013-07-18 12:48:28 -0500
Processing by Devise::RegistrationsController#create as HTML
  Parameters: {"utf8"=>"✓", "authenticity_token"=>"/W6WsH1aRowtFES8L+JbfylH8zwRdu9biRSk4vG29EA=", "user"=>{"email"=>"hmezav@gmail.com", "password"=>"[FILTERED]", "password_confirmation"=>"[FILTERED]"}, "commit"=>"Sign up"}
  [1m[36m (0.2ms)[0m  [1mBEGIN[0m
  [1m[35mUser Exists (0.5ms)[0m  SELECT 1 AS one FROM "users" WHERE "users"."email" = 'hmezav@gmail.com' LIMIT 1
  [1m[36mSQL (71.9ms)[0m  [1mINSERT INTO "users" ("created_at", "email", "encrypted_password", "updated_at") VALUES ($1, $2, $3, $4) RETURNING "id"[0m  [["created_at", Thu, 18 Jul 2013 17:48:28 UTC +00:00], ["email", "hmezav@gmail.com"], ["encrypted_password", "$2a$10$ABQ5QRR595Syqv327xd1NuHBvRH6O9irKrU.TsSMxaWBepERF40D."], ["updated_at", Thu, 18 Jul 2013 17:48:28 UTC +00:00]]
  [1m[35m (24.4ms)[0m  COMMIT
  [1m[36m (0.3ms)[0m  [1mBEGIN[0m
  [1m[35mSQL (1.3ms)[0m  UPDATE "users" SET "last_sign_in_at" = $1, "current_sign_in_at" = $2, "last_sign_in_ip" = $3, "current_sign_in_ip" = $4, "sign_in_count" = $5, "updated_at" = $6 WHERE "users"."id" = 1  [["last_sign_in_at", Thu, 18 Jul 2013 17:48:28 UTC +00:00], ["current_sign_in_at", Thu, 18 Jul 2013 17:48:28 UTC +00:00], ["last_sign_in_ip", "127.0.0.1"], ["current_sign_in_ip", "127.0.0.1"], ["sign_in_count", 1], ["updated_at", Thu, 18 Jul 2013 17:48:28 UTC +00:00]]
  [1m[36m (13.8ms)[0m  [1mCOMMIT[0m
Redirected to http://localhost:3000/
Completed 302 Found in 235ms (ActiveRecord: 112.7ms)


Started GET "/" for 127.0.0.1 at 2013-07-18 12:48:28 -0500
Processing by Rails::WelcomeController#index as HTML
  Rendered /home/hmeza/.rvm/gems/ruby-1.9.3-p448/gems/railties-4.0.0/lib/rails/templates/rails/welcome/index.html.erb (0.1ms)
Completed 200 OK in 4ms (Views: 2.6ms | ActiveRecord: 0.0ms)


Started GET "/users/sign_in" for 127.0.0.1 at 2013-07-18 12:48:34 -0500
Processing by Devise::SessionsController#new as HTML
  [1m[35mUser Load (1.0ms)[0m  SELECT "users".* FROM "users" WHERE "users"."id" = 1 ORDER BY "users"."id" ASC LIMIT 1
Redirected to http://localhost:3000/
Filter chain halted as :require_no_authentication rendered or redirected
Completed 302 Found in 25ms (ActiveRecord: 1.0ms)


Started GET "/" for 127.0.0.1 at 2013-07-18 12:48:34 -0500
Processing by Rails::WelcomeController#index as HTML
  Rendered /home/hmeza/.rvm/gems/ruby-1.9.3-p448/gems/railties-4.0.0/lib/rails/templates/rails/welcome/index.html.erb (0.1ms)
Completed 200 OK in 4ms (Views: 2.6ms | ActiveRecord: 0.0ms)


Started GET "/users/sign_in" for 127.0.0.1 at 2013-07-18 12:48:51 -0500
Processing by Devise::SessionsController#new as HTML
  [1m[36mUser Load (0.8ms)[0m  [1mSELECT "users".* FROM "users" WHERE "users"."id" = 1 ORDER BY "users"."id" ASC LIMIT 1[0m
Redirected to http://localhost:3000/
Filter chain halted as :require_no_authentication rendered or redirected
Completed 302 Found in 5ms (ActiveRecord: 0.8ms)


Started GET "/" for 127.0.0.1 at 2013-07-18 12:48:51 -0500
Processing by Rails::WelcomeController#index as HTML
  Rendered /home/hmeza/.rvm/gems/ruby-1.9.3-p448/gems/railties-4.0.0/lib/rails/templates/rails/welcome/index.html.erb (0.1ms)
Completed 200 OK in 5ms (Views: 4.3ms | ActiveRecord: 0.0ms)


Started GET "/users/sign_in" for 127.0.0.1 at 2013-07-18 12:48:55 -0500
Processing by Devise::SessionsController#new as HTML
  [1m[35mUser Load (0.7ms)[0m  SELECT "users".* FROM "users" WHERE "users"."id" = 1 ORDER BY "users"."id" ASC LIMIT 1
Redirected to http://localhost:3000/
Filter chain halted as :require_no_authentication rendered or redirected
Completed 302 Found in 4ms (ActiveRecord: 0.7ms)


Started GET "/" for 127.0.0.1 at 2013-07-18 12:48:55 -0500
Processing by Rails::WelcomeController#index as HTML
  Rendered /home/hmeza/.rvm/gems/ruby-1.9.3-p448/gems/railties-4.0.0/lib/rails/templates/rails/welcome/index.html.erb (0.2ms)
Completed 200 OK in 4ms (Views: 2.8ms | ActiveRecord: 0.0ms)


Started GET "/users/sign_in" for 127.0.0.1 at 2013-07-18 12:48:58 -0500
Processing by Devise::SessionsController#new as HTML
  [1m[36mUser Load (0.7ms)[0m  [1mSELECT "users".* FROM "users" WHERE "users"."id" = 1 ORDER BY "users"."id" ASC LIMIT 1[0m
Redirected to http://localhost:3000/
Filter chain halted as :require_no_authentication rendered or redirected
Completed 302 Found in 5ms (ActiveRecord: 0.7ms)


Started GET "/" for 127.0.0.1 at 2013-07-18 12:48:59 -0500
Processing by Rails::WelcomeController#index as HTML
  Rendered /home/hmeza/.rvm/gems/ruby-1.9.3-p448/gems/railties-4.0.0/lib/rails/templates/rails/welcome/index.html.erb (0.1ms)
Completed 200 OK in 4ms (Views: 2.9ms | ActiveRecord: 0.0ms)


Started GET "/" for 127.0.0.1 at 2013-07-18 13:02:34 -0500

SyntaxError (/home/hmeza/TangoSource/star/config/routes.rb:4: syntax error, unexpected ':', expecting keyword_end
  root: "home#index"
       ^):
  activesupport (4.0.0) lib/active_support/dependencies.rb:222:in `load'
  activesupport (4.0.0) lib/active_support/dependencies.rb:222:in `block in load'
  activesupport (4.0.0) lib/active_support/dependencies.rb:213:in `load_dependency'
  activesupport (4.0.0) lib/active_support/dependencies.rb:222:in `load'
  railties (4.0.0) lib/rails/application/routes_reloader.rb:40:in `block in load_paths'
  railties (4.0.0) lib/rails/application/routes_reloader.rb:40:in `each'
  railties (4.0.0) lib/rails/application/routes_reloader.rb:40:in `load_paths'
  railties (4.0.0) lib/rails/application/routes_reloader.rb:16:in `reload!'
  railties (4.0.0) lib/rails/application/routes_reloader.rb:26:in `block in updater'
  activesupport (4.0.0) lib/active_support/file_update_checker.rb:75:in `call'
  activesupport (4.0.0) lib/active_support/file_update_checker.rb:75:in `execute'
  railties (4.0.0) lib/rails/application/routes_reloader.rb:7:in `execute'
  railties (4.0.0) lib/rails/application/finisher.rb:81:in `block (2 levels) in <module:Finisher>'
  activesupport (4.0.0) lib/active_support/callbacks.rb:407:in `_run__671848704042845146__prepare__callbacks'
  activesupport (4.0.0) lib/active_support/callbacks.rb:80:in `run_callbacks'
  actionpack (4.0.0) lib/action_dispatch/middleware/reloader.rb:74:in `prepare!'
  actionpack (4.0.0) lib/action_dispatch/middleware/reloader.rb:62:in `call'
  actionpack (4.0.0) lib/action_dispatch/middleware/remote_ip.rb:76:in `call'
  actionpack (4.0.0) lib/action_dispatch/middleware/debug_exceptions.rb:17:in `call'
  actionpack (4.0.0) lib/action_dispatch/middleware/show_exceptions.rb:30:in `call'
  railties (4.0.0) lib/rails/rack/logger.rb:38:in `call_app'
  railties (4.0.0) lib/rails/rack/logger.rb:21:in `block in call'
  activesupport (4.0.0) lib/active_support/tagged_logging.rb:67:in `block in tagged'
  activesupport (4.0.0) lib/active_support/tagged_logging.rb:25:in `tagged'
  activesupport (4.0.0) lib/active_support/tagged_logging.rb:67:in `tagged'
  railties (4.0.0) lib/rails/rack/logger.rb:21:in `call'
  actionpack (4.0.0) lib/action_dispatch/middleware/request_id.rb:21:in `call'
  rack (1.5.2) lib/rack/methodoverride.rb:21:in `call'
  rack (1.5.2) lib/rack/runtime.rb:17:in `call'
  activesupport (4.0.0) lib/active_support/cache/strategy/local_cache.rb:83:in `call'
  rack (1.5.2) lib/rack/lock.rb:17:in `call'
  actionpack (4.0.0) lib/action_dispatch/middleware/static.rb:64:in `call'
  railties (4.0.0) lib/rails/engine.rb:511:in `call'
  railties (4.0.0) lib/rails/application.rb:97:in `call'
  rack (1.5.2) lib/rack/lock.rb:17:in `call'
  rack (1.5.2) lib/rack/content_length.rb:14:in `call'
  rack (1.5.2) lib/rack/handler/webrick.rb:60:in `service'
  /home/hmeza/.rvm/rubies/ruby-1.9.3-p448/lib/ruby/1.9.1/webrick/httpserver.rb:138:in `service'
  /home/hmeza/.rvm/rubies/ruby-1.9.3-p448/lib/ruby/1.9.1/webrick/httpserver.rb:94:in `run'
  /home/hmeza/.rvm/rubies/ruby-1.9.3-p448/lib/ruby/1.9.1/webrick/server.rb:191:in `block in start_thread'


  Rendered /home/hmeza/.rvm/gems/ruby-1.9.3-p448/gems/actionpack-4.0.0/lib/action_dispatch/middleware/templates/rescues/_source.erb (1.0ms)
  Rendered /home/hmeza/.rvm/gems/ruby-1.9.3-p448/gems/actionpack-4.0.0/lib/action_dispatch/middleware/templates/rescues/_trace.erb (1.7ms)
  Rendered /home/hmeza/.rvm/gems/ruby-1.9.3-p448/gems/actionpack-4.0.0/lib/action_dispatch/middleware/templates/rescues/_request_and_response.erb (1.4ms)
  Rendered /home/hmeza/.rvm/gems/ruby-1.9.3-p448/gems/actionpack-4.0.0/lib/action_dispatch/middleware/templates/rescues/diagnostics.erb within rescues/layout (128.2ms)


Started GET "/" for 127.0.0.1 at 2013-07-18 13:03:10 -0500
Processing by HomeController#index as HTML
  Rendered home/index.html.haml within layouts/application (1.8ms)
  [1m[35mUser Load (0.7ms)[0m  SELECT "users".* FROM "users" WHERE "users"."id" = 1 ORDER BY "users"."id" ASC LIMIT 1
Completed 200 OK in 706ms (Views: 700.5ms | ActiveRecord: 3.7ms)


Started GET "/assets/application.css?body=1" for 127.0.0.1 at 2013-07-18 13:03:11 -0500


Started GET "/assets/dashboard.css?body=1" for 127.0.0.1 at 2013-07-18 13:03:11 -0500


Started GET "/assets/home.css?body=1" for 127.0.0.1 at 2013-07-18 13:03:11 -0500


Started GET "/assets/jquery.js?body=1" for 127.0.0.1 at 2013-07-18 13:03:11 -0500


Started GET "/assets/turbolinks.js?body=1" for 127.0.0.1 at 2013-07-18 13:03:11 -0500


Started GET "/assets/jquery_ujs.js?body=1" for 127.0.0.1 at 2013-07-18 13:03:11 -0500


Started GET "/assets/dashboard.js?body=1" for 127.0.0.1 at 2013-07-18 13:03:11 -0500


Started GET "/assets/home.js?body=1" for 127.0.0.1 at 2013-07-18 13:03:11 -0500


Started GET "/assets/application.js?body=1" for 127.0.0.1 at 2013-07-18 13:03:11 -0500


Started GET "/" for 127.0.0.1 at 2013-07-18 13:15:41 -0500

SyntaxError (/home/hmeza/TangoSource/star/app/controllers/home_controller.rb:8: syntax error, unexpected $end, expecting keyword_end):
  activesupport (4.0.0) lib/active_support/dependencies.rb:423:in `load'
  activesupport (4.0.0) lib/active_support/dependencies.rb:423:in `block in load_file'
  activesupport (4.0.0) lib/active_support/dependencies.rb:615:in `new_constants_in'
  activesupport (4.0.0) lib/active_support/dependencies.rb:422:in `load_file'
  activesupport (4.0.0) lib/active_support/dependencies.rb:323:in `require_or_load'
  activesupport (4.0.0) lib/active_support/dependencies.rb:462:in `load_missing_constant'
  activesupport (4.0.0) lib/active_support/dependencies.rb:183:in `const_missing'
  activesupport (4.0.0) lib/active_support/inflector/methods.rb:226:in `const_get'
  activesupport (4.0.0) lib/active_support/inflector/methods.rb:226:in `block in constantize'
  activesupport (4.0.0) lib/active_support/inflector/methods.rb:224:in `each'
  activesupport (4.0.0) lib/active_support/inflector/methods.rb:224:in `inject'
  activesupport (4.0.0) lib/active_support/inflector/methods.rb:224:in `constantize'
  activesupport (4.0.0) lib/active_support/dependencies.rb:534:in `get'
  activesupport (4.0.0) lib/active_support/dependencies.rb:565:in `constantize'
  actionpack (4.0.0) lib/action_dispatch/routing/route_set.rb:76:in `controller_reference'
  actionpack (4.0.0) lib/action_dispatch/routing/route_set.rb:66:in `controller'
  actionpack (4.0.0) lib/action_dispatch/routing/route_set.rb:44:in `call'
  actionpack (4.0.0) lib/action_dispatch/journey/router.rb:71:in `block in call'
  actionpack (4.0.0) lib/action_dispatch/journey/router.rb:59:in `each'
  actionpack (4.0.0) lib/action_dispatch/journey/router.rb:59:in `call'
  actionpack (4.0.0) lib/action_dispatch/routing/route_set.rb:655:in `call'
  warden (1.2.3) lib/warden/manager.rb:35:in `block in call'
  warden (1.2.3) lib/warden/manager.rb:34:in `catch'
  warden (1.2.3) lib/warden/manager.rb:34:in `call'
  rack (1.5.2) lib/rack/etag.rb:23:in `call'
  rack (1.5.2) lib/rack/conditionalget.rb:25:in `call'
  rack (1.5.2) lib/rack/head.rb:11:in `call'
  actionpack (4.0.0) lib/action_dispatch/middleware/params_parser.rb:27:in `call'
  actionpack (4.0.0) lib/action_dispatch/middleware/flash.rb:241:in `call'
  rack (1.5.2) lib/rack/session/abstract/id.rb:225:in `context'
  rack (1.5.2) lib/rack/session/abstract/id.rb:220:in `call'
  actionpack (4.0.0) lib/action_dispatch/middleware/cookies.rb:486:in `call'
  activerecord (4.0.0) lib/active_record/query_cache.rb:36:in `call'
  activerecord (4.0.0) lib/active_record/connection_adapters/abstract/connection_pool.rb:626:in `call'
  activerecord (4.0.0) lib/active_record/migration.rb:369:in `call'
  actionpack (4.0.0) lib/action_dispatch/middleware/callbacks.rb:29:in `block in call'
  activesupport (4.0.0) lib/active_support/callbacks.rb:373:in `_run__3950649586311565956__call__callbacks'
  activesupport (4.0.0) lib/active_support/callbacks.rb:80:in `run_callbacks'
  actionpack (4.0.0) lib/action_dispatch/middleware/callbacks.rb:27:in `call'
  actionpack (4.0.0) lib/action_dispatch/middleware/reloader.rb:64:in `call'
  actionpack (4.0.0) lib/action_dispatch/middleware/remote_ip.rb:76:in `call'
  actionpack (4.0.0) lib/action_dispatch/middleware/debug_exceptions.rb:17:in `call'
  actionpack (4.0.0) lib/action_dispatch/middleware/show_exceptions.rb:30:in `call'
  railties (4.0.0) lib/rails/rack/logger.rb:38:in `call_app'
  railties (4.0.0) lib/rails/rack/logger.rb:21:in `block in call'
  activesupport (4.0.0) lib/active_support/tagged_logging.rb:67:in `block in tagged'
  activesupport (4.0.0) lib/active_support/tagged_logging.rb:25:in `tagged'
  activesupport (4.0.0) lib/active_support/tagged_logging.rb:67:in `tagged'
  railties (4.0.0) lib/rails/rack/logger.rb:21:in `call'
  actionpack (4.0.0) lib/action_dispatch/middleware/request_id.rb:21:in `call'
  rack (1.5.2) lib/rack/methodoverride.rb:21:in `call'
  rack (1.5.2) lib/rack/runtime.rb:17:in `call'
  activesupport (4.0.0) lib/active_support/cache/strategy/local_cache.rb:83:in `call'
  rack (1.5.2) lib/rack/lock.rb:17:in `call'
  actionpack (4.0.0) lib/action_dispatch/middleware/static.rb:64:in `call'
  railties (4.0.0) lib/rails/engine.rb:511:in `call'
  railties (4.0.0) lib/rails/application.rb:97:in `call'
  rack (1.5.2) lib/rack/lock.rb:17:in `call'
  rack (1.5.2) lib/rack/content_length.rb:14:in `call'
  rack (1.5.2) lib/rack/handler/webrick.rb:60:in `service'
  /home/hmeza/.rvm/rubies/ruby-1.9.3-p448/lib/ruby/1.9.1/webrick/httpserver.rb:138:in `service'
  /home/hmeza/.rvm/rubies/ruby-1.9.3-p448/lib/ruby/1.9.1/webrick/httpserver.rb:94:in `run'
  /home/hmeza/.rvm/rubies/ruby-1.9.3-p448/lib/ruby/1.9.1/webrick/server.rb:191:in `block in start_thread'


  Rendered /home/hmeza/.rvm/gems/ruby-1.9.3-p448/gems/actionpack-4.0.0/lib/action_dispatch/middleware/templates/rescues/_source.erb (1.0ms)
  Rendered /home/hmeza/.rvm/gems/ruby-1.9.3-p448/gems/actionpack-4.0.0/lib/action_dispatch/middleware/templates/rescues/_trace.erb (1.9ms)
  Rendered /home/hmeza/.rvm/gems/ruby-1.9.3-p448/gems/actionpack-4.0.0/lib/action_dispatch/middleware/templates/rescues/_request_and_response.erb (2.8ms)
  Rendered /home/hmeza/.rvm/gems/ruby-1.9.3-p448/gems/actionpack-4.0.0/lib/action_dispatch/middleware/templates/rescues/diagnostics.erb within rescues/layout (23.5ms)


Started GET "/" for 127.0.0.1 at 2013-07-18 13:16:00 -0500
Processing by HomeController#index as HTML
  [1m[36mUser Load (0.6ms)[0m  [1mSELECT "users".* FROM "users" WHERE "users"."id" = 1 ORDER BY "users"."id" ASC LIMIT 1[0m
Redirected to http://localhost:3000/dashboard
Completed 302 Found in 103ms (ActiveRecord: 3.3ms)


Started GET "/dashboard" for 127.0.0.1 at 2013-07-18 13:16:00 -0500
Processing by DashboardController#index as HTML
  Rendered dashboard/index.html.haml within layouts/application (1.6ms)
  [1m[35mUser Load (0.7ms)[0m  SELECT "users".* FROM "users" WHERE "users"."id" = 1 ORDER BY "users"."id" ASC LIMIT 1
Completed 200 OK in 18ms (Views: 15.1ms | ActiveRecord: 0.7ms)


Started GET "/assets/application.css?body=1" for 127.0.0.1 at 2013-07-18 13:16:00 -0500


Started GET "/assets/dashboard.css?body=1" for 127.0.0.1 at 2013-07-18 13:16:00 -0500


Started GET "/assets/home.css?body=1" for 127.0.0.1 at 2013-07-18 13:16:00 -0500


Started GET "/assets/jquery.js?body=1" for 127.0.0.1 at 2013-07-18 13:16:00 -0500


Started GET "/assets/jquery_ujs.js?body=1" for 127.0.0.1 at 2013-07-18 13:16:00 -0500


Started GET "/assets/dashboard.js?body=1" for 127.0.0.1 at 2013-07-18 13:16:00 -0500


Started GET "/assets/home.js?body=1" for 127.0.0.1 at 2013-07-18 13:16:00 -0500


Started GET "/assets/turbolinks.js?body=1" for 127.0.0.1 at 2013-07-18 13:16:00 -0500


Started GET "/assets/application.js?body=1" for 127.0.0.1 at 2013-07-18 13:16:00 -0500


Started DELETE "/users/sign_out" for 127.0.0.1 at 2013-07-18 13:18:31 -0500
Processing by Devise::SessionsController#destroy as HTML
  Parameters: {"authenticity_token"=>"/W6WsH1aRowtFES8L+JbfylH8zwRdu9biRSk4vG29EA="}
  [1m[36mUser Load (0.7ms)[0m  [1mSELECT "users".* FROM "users" WHERE "users"."id" = 1 ORDER BY "users"."id" ASC LIMIT 1[0m
  [1m[35m (0.2ms)[0m  BEGIN
  [1m[36m (0.3ms)[0m  [1mCOMMIT[0m
Redirected to http://localhost:3000/
Completed 302 Found in 58ms (ActiveRecord: 1.2ms)


Started GET "/" for 127.0.0.1 at 2013-07-18 13:18:31 -0500
Processing by HomeController#index as HTML
  Rendered home/index.html.haml within layouts/application (0.2ms)
Completed 200 OK in 15ms (Views: 12.0ms | ActiveRecord: 0.0ms)


Started GET "/assets/application.css?body=1" for 127.0.0.1 at 2013-07-18 13:18:31 -0500


Started GET "/assets/dashboard.css?body=1" for 127.0.0.1 at 2013-07-18 13:18:31 -0500


Started GET "/assets/home.css?body=1" for 127.0.0.1 at 2013-07-18 13:18:31 -0500


Started GET "/assets/jquery.js?body=1" for 127.0.0.1 at 2013-07-18 13:18:31 -0500


Started GET "/assets/turbolinks.js?body=1" for 127.0.0.1 at 2013-07-18 13:18:31 -0500


Started GET "/assets/home.js?body=1" for 127.0.0.1 at 2013-07-18 13:18:31 -0500


Started GET "/assets/jquery_ujs.js?body=1" for 127.0.0.1 at 2013-07-18 13:18:31 -0500


Started GET "/assets/dashboard.js?body=1" for 127.0.0.1 at 2013-07-18 13:18:31 -0500


Started GET "/assets/application.js?body=1" for 127.0.0.1 at 2013-07-18 13:18:31 -0500


Started GET "/dashboard" for 127.0.0.1 at 2013-07-18 13:18:34 -0500
Processing by DashboardController#index as HTML
  Rendered dashboard/index.html.haml within layouts/application (0.2ms)
Completed 200 OK in 17ms (Views: 14.1ms | ActiveRecord: 0.0ms)


Started GET "/assets/application.css?body=1" for 127.0.0.1 at 2013-07-18 13:18:34 -0500


Started GET "/assets/dashboard.css?body=1" for 127.0.0.1 at 2013-07-18 13:18:34 -0500


Started GET "/assets/jquery.js?body=1" for 127.0.0.1 at 2013-07-18 13:18:34 -0500


Started GET "/assets/home.css?body=1" for 127.0.0.1 at 2013-07-18 13:18:34 -0500


Started GET "/assets/jquery_ujs.js?body=1" for 127.0.0.1 at 2013-07-18 13:18:34 -0500


Started GET "/assets/dashboard.js?body=1" for 127.0.0.1 at 2013-07-18 13:18:34 -0500


Started GET "/assets/turbolinks.js?body=1" for 127.0.0.1 at 2013-07-18 13:18:34 -0500


Started GET "/assets/home.js?body=1" for 127.0.0.1 at 2013-07-18 13:18:34 -0500


Started GET "/assets/application.js?body=1" for 127.0.0.1 at 2013-07-18 13:18:34 -0500


Started GET "/dashboard" for 127.0.0.1 at 2013-07-18 13:20:40 -0500
Processing by DashboardController#index as HTML
Completed 401 Unauthorized in 7ms


Started GET "/users/sign_in" for 127.0.0.1 at 2013-07-18 13:20:40 -0500
Processing by Devise::SessionsController#new as HTML
  Rendered devise/shared/_links.erb (1.3ms)
  Rendered devise/sessions/new.html.erb within layouts/application (10.7ms)
Completed 200 OK in 80ms (Views: 23.1ms | ActiveRecord: 2.9ms)


Started GET "/assets/application.css?body=1" for 127.0.0.1 at 2013-07-18 13:20:40 -0500


Started GET "/assets/dashboard.css?body=1" for 127.0.0.1 at 2013-07-18 13:20:40 -0500


Started GET "/assets/home.css?body=1" for 127.0.0.1 at 2013-07-18 13:20:40 -0500


Started GET "/assets/turbolinks.js?body=1" for 127.0.0.1 at 2013-07-18 13:20:40 -0500


Started GET "/assets/jquery_ujs.js?body=1" for 127.0.0.1 at 2013-07-18 13:20:40 -0500


Started GET "/assets/jquery.js?body=1" for 127.0.0.1 at 2013-07-18 13:20:40 -0500


Started GET "/assets/dashboard.js?body=1" for 127.0.0.1 at 2013-07-18 13:20:40 -0500


Started GET "/assets/home.js?body=1" for 127.0.0.1 at 2013-07-18 13:20:40 -0500


Started GET "/assets/application.js?body=1" for 127.0.0.1 at 2013-07-18 13:20:40 -0500
  [1m[36mActiveRecord::SchemaMigration Load (0.8ms)[0m  [1mSELECT "schema_migrations".* FROM "schema_migrations"[0m
Migrating to DeviseCreateUsers (20130718174247)
  [1m[35m (0.5ms)[0m  BEGIN
  [1m[36m (10.6ms)[0m  [1mCREATE TABLE "users" ("id" serial primary key, "email" character varying(255) DEFAULT '' NOT NULL, "encrypted_password" character varying(255) DEFAULT '' NOT NULL, "reset_password_token" character varying(255), "reset_password_sent_at" timestamp, "remember_created_at" timestamp, "sign_in_count" integer DEFAULT 0, "current_sign_in_at" timestamp, "last_sign_in_at" timestamp, "current_sign_in_ip" character varying(255), "last_sign_in_ip" character varying(255), "created_at" timestamp, "updated_at" timestamp) [0m
PG::Error: ERROR:  relation "users" already exists
: CREATE TABLE "users" ("id" serial primary key, "email" character varying(255) DEFAULT '' NOT NULL, "encrypted_password" character varying(255) DEFAULT '' NOT NULL, "reset_password_token" character varying(255), "reset_password_sent_at" timestamp, "remember_created_at" timestamp, "sign_in_count" integer DEFAULT 0, "current_sign_in_at" timestamp, "last_sign_in_at" timestamp, "current_sign_in_ip" character varying(255), "last_sign_in_ip" character varying(255), "created_at" timestamp, "updated_at" timestamp) 
  [1m[35m (0.4ms)[0m  ROLLBACK
  [1m[36mActiveRecord::SchemaMigration Load (0.8ms)[0m  [1mSELECT "schema_migrations".* FROM "schema_migrations"[0m
Migrating to CreateProjects (20130718195247)
  [1m[35m (0.5ms)[0m  BEGIN
  [1m[36m (109.9ms)[0m  [1mCREATE TABLE "projects" ("id" serial primary key, "created_at" timestamp, "updated_at" timestamp, "project_name" character varying(255), "project_content" text) [0m
  [1m[35mSQL (1.6ms)[0m  INSERT INTO "schema_migrations" ("version") VALUES ($1)  [["version", "20130718195247"]]
  [1m[36m (14.7ms)[0m  [1mCOMMIT[0m
  [1m[35mActiveRecord::SchemaMigration Load (0.6ms)[0m  SELECT "schema_migrations".* FROM "schema_migrations"
